<?xml version="1.0" encoding="UTF-8"?>
<!-- Generated by org.testng.reporters.JUnitXMLReporter -->
<testsuite ignored="0" hostname="IBM-PF32NVW9" failures="0" tests="3" name="Default test" time="4.546" errors="0" timestamp="2022-04-21T19:56:25 IST">
  <testcase classname="FST_Rest_Assured.FST_Rest_Assured.tyicodeClass" name="GETtypicode" time="2.163"/>
  <testcase classname="FST_Rest_Assured.FST_Rest_Assured.tyicodeClass" name="PUTtypicode" time="1.693"/>
  <testcase classname="FST_Rest_Assured.FST_Rest_Assured.tyicodeClass" name="DELETEtypicode" time="0.65"/>
</testsuite> <!-- Default test -->
